Found: 2023-12-17T17:54:48.332Z,1.332034,6b67b000,6 [FLog::Output] ! Joining game '1156740b-b141-45d6-b6b6-8648742eba3e' place 8737899170 at 10.9.0.141
Found: 2023-12-17T17:54:39.286Z,33.286327,6b6c3000,7 [FLog::Network] Time to disconnect replication data: 5.429167
Join time: 12/17/2023 6:54:48 PM
Leave time: 12/17/2023 6:54:39 PM
You are in a game
Found: 2023-12-17T17:54:48.332Z,1.332034,6b67b000,6 [FLog::Output] ! Joining game '1156740b-b141-45d6-b6b6-8648742eba3e' place 8737899170 at 10.9.0.141
Found: 2023-12-17T17:54:39.286Z,33.286327,6b6c3000,7 [FLog::Network] Time to disconnect replication data: 5.429167
Join time: 12/17/2023 6:54:48 PM
Leave time: 12/17/2023 6:54:39 PM
You are in a game
Found: 2023-12-17T17:54:48.332Z,1.332034,6b67b000,6 [FLog::Output] ! Joining game '1156740b-b141-45d6-b6b6-8648742eba3e' place 8737899170 at 10.9.0.141
Found: 2023-12-17T17:54:39.286Z,33.286327,6b6c3000,7 [FLog::Network] Time to disconnect replication data: 5.429167
Join time: 12/17/2023 6:54:48 PM
Leave time: 12/17/2023 6:54:39 PM
You are in a game
100
Found: 2023-12-17T17:54:48.332Z,1.332034,6b67b000,6 [FLog::Output] ! Joining game '1156740b-b141-45d6-b6b6-8648742eba3e' place 8737899170 at 10.9.0.141
Found: 2023-12-17T17:54:39.286Z,33.286327,6b6c3000,7 [FLog::Network] Time to disconnect replication data: 5.429167
Join time: 12/17/2023 6:54:48 PM
Leave time: 12/17/2023 6:54:39 PM
You are in a game
120
Found: 2023-12-17T17:54:48.332Z,1.332034,6b67b000,6 [FLog::Output] ! Joining game '1156740b-b141-45d6-b6b6-8648742eba3e' place 8737899170 at 10.9.0.141
Found: 2023-12-17T17:54:39.286Z,33.286327,6b6c3000,7 [FLog::Network] Time to disconnect replication data: 5.429167
Join time: 12/17/2023 6:54:48 PM
Leave time: 12/17/2023 6:54:39 PM
You are in a game
